syntax error: 'begin', at line 255
syntax error: 'integer', at line 255
syntax error: 'k;', at line 255
syntax error: 'integer', at line 255
syntax error: 'function', at line 255
syntax error: 'F(n);', at line 255
syntax error: 'begin', at line 255
syntax error: 'integer', at line 255
syntax error: 'n;', at line 255
syntax error: 'if', at line 255
syntax error: 'n<=0', at line 255
syntax error: 'then', at line 255
syntax error: 'F:=1', at line 255
syntax error: 'else', at line 255
syntax error: 'F:=n*F(n-1)', at line 255
syntax error: 'end;', at line 255
syntax error: 'read(m);', at line 255
syntax error: 'k:=F(m);', at line 255
syntax error: 'write(k)', at line 255
syntax error: 'end', at line 255
